<?xml version="1.0" encoding="UTF-8"?>
<robot generator="Robot 2.8.5 (Jython 2.5.3 on java1.7.0_25)" generated="20140917 21:15:00.687">
<suite source="C:\Users\Dane\Documents\GitHub\jsu-mcis-cs310-tictactoe\TicTacToe\acceptance\TicTacToeTests.txt" id="s1" name="TicTacToeTests">
<test id="s1-t1" name="Win Diagonally as X">
<kw type="kw" name="Start New Game">
<doc></doc>
<arguments>
</arguments>
<kw type="kw" name="SwingLibrary.Start Application">
<doc></doc>
<arguments>
<arg>game.TicTacToeGame</arg>
</arguments>
<msg timestamp="20140917 21:15:01.274" level="FAIL">Keyword 'SwingLibrary.Start Application' expected 0 arguments, got 1.</msg>
<status status="FAIL" endtime="20140917 21:15:01.275" starttime="20140917 21:15:01.270"></status>
</kw>
<status status="FAIL" endtime="20140917 21:15:01.278" starttime="20140917 21:15:01.263"></status>
</kw>
<doc></doc>
<tags>
</tags>
<status status="FAIL" critical="yes" endtime="20140917 21:15:01.282" starttime="20140917 21:15:01.255">Keyword 'SwingLibrary.Start Application' expected 0 arguments, got 1.</status>
</test>
<test id="s1-t2" name="Win Horizontally as O">
<kw type="kw" name="Start New Game">
<doc></doc>
<arguments>
</arguments>
<kw type="kw" name="SwingLibrary.Start Application">
<doc></doc>
<arguments>
<arg>game.TicTacToeGame</arg>
</arguments>
<msg timestamp="20140917 21:15:01.305" level="FAIL">Keyword 'SwingLibrary.Start Application' expected 0 arguments, got 1.</msg>
<status status="FAIL" endtime="20140917 21:15:01.306" starttime="20140917 21:15:01.302"></status>
</kw>
<status status="FAIL" endtime="20140917 21:15:01.309" starttime="20140917 21:15:01.296"></status>
</kw>
<doc></doc>
<tags>
</tags>
<status status="FAIL" critical="yes" endtime="20140917 21:15:01.311" starttime="20140917 21:15:01.288">Keyword 'SwingLibrary.Start Application' expected 0 arguments, got 1.</status>
</test>
<test id="s1-t3" name="Force a Tie">
<kw type="kw" name="Start New Game">
<doc></doc>
<arguments>
</arguments>
<kw type="kw" name="SwingLibrary.Start Application">
<doc></doc>
<arguments>
<arg>game.TicTacToeGame</arg>
</arguments>
<msg timestamp="20140917 21:15:01.333" level="FAIL">Keyword 'SwingLibrary.Start Application' expected 0 arguments, got 1.</msg>
<status status="FAIL" endtime="20140917 21:15:01.334" starttime="20140917 21:15:01.330"></status>
</kw>
<status status="FAIL" endtime="20140917 21:15:01.336" starttime="20140917 21:15:01.324"></status>
</kw>
<doc></doc>
<tags>
</tags>
<status status="FAIL" critical="yes" endtime="20140917 21:15:01.339" starttime="20140917 21:15:01.316">Keyword 'SwingLibrary.Start Application' expected 0 arguments, got 1.</status>
</test>
<doc></doc>
<metadata>
</metadata>
<status status="FAIL" endtime="20140917 21:15:01.347" starttime="20140917 21:15:00.696"></status>
</suite>
<statistics>
<total>
<stat pass="0" fail="3">Critical Tests</stat>
<stat pass="0" fail="3">All Tests</stat>
</total>
<tag>
</tag>
<suite>
<stat pass="0" id="s1" fail="3" name="TicTacToeTests">TicTacToeTests</stat>
</suite>
</statistics>
<errors>
</errors>
</robot>
